times (start, end)
t> 19570901 : 20020831

vars (name, units, long name, levels list):
v> O3 : kg kg**-1 : Ozone mass mixing ratio : pl/%year%.nc
l> 1 : 2 : 3 : 5 : 7 : 10 : 20 : 30 : 50 : 70 : 100 : 150 : 200 : 250 : 300 : 400 : 500 : 600 : 700 : 775 : 850 : 925 : 1000
v> R : % : Relative humidity : pl/%year%.nc
l> 1 : 2 : 3 : 5 : 7 : 10 : 20 : 30 : 50 : 70 : 100 : 150 : 200 : 250 : 300 : 400 : 500 : 600 : 700 : 775 : 850 : 925 : 1000
v> D : s**-1 : Divergence : pl/%year%.nc
l> 1 : 2 : 3 : 5 : 7 : 10 : 20 : 30 : 50 : 70 : 100 : 150 : 200 : 250 : 300 : 400 : 500 : 600 : 700 : 775 : 850 : 925 : 1000
v> VO : s**-1 : Vorticity (relative) : pl/%year%.nc
l> 1 : 2 : 3 : 5 : 7 : 10 : 20 : 30 : 50 : 70 : 100 : 150 : 200 : 250 : 300 : 400 : 500 : 600 : 700 : 775 : 850 : 925 : 1000
v> W : Pa s**-1 : Vertical velocity : pl/%year%.nc
l> 1 : 2 : 3 : 5 : 7 : 10 : 20 : 30 : 50 : 70 : 100 : 150 : 200 : 250 : 300 : 400 : 500 : 600 : 700 : 775 : 850 : 925 : 1000
v> Q : kg kg**-1 : Specific humidity : pl/%year%.nc
l> 1 : 2 : 3 : 5 : 7 : 10 : 20 : 30 : 50 : 70 : 100 : 150 : 200 : 250 : 300 : 400 : 500 : 600 : 700 : 775 : 850 : 925 : 1000
v> V : m s**-1 : V velocity : pl/%year%.nc
l> 1 : 2 : 3 : 5 : 7 : 10 : 20 : 30 : 50 : 70 : 100 : 150 : 200 : 250 : 300 : 400 : 500 : 600 : 700 : 775 : 850 : 925 : 1000
v> U : m s**-1 : U velocity : pl/%year%.nc
l> 1 : 2 : 3 : 5 : 7 : 10 : 20 : 30 : 50 : 70 : 100 : 150 : 200 : 250 : 300 : 400 : 500 : 600 : 700 : 775 : 850 : 925 : 1000
v> T : K : Temperature : pl/%year%.nc
l> 1 : 2 : 3 : 5 : 7 : 10 : 20 : 30 : 50 : 70 : 100 : 150 : 200 : 250 : 300 : 400 : 500 : 600 : 700 : 775 : 850 : 925 : 1000
v> Z : m**2 s**-2 : Geopotential : pl/%year%.nc
l> 1 : 2 : 3 : 5 : 7 : 10 : 20 : 30 : 50 : 70 : 100 : 150 : 200 : 250 : 300 : 400 : 500 : 600 : 700 : 775 : 850 : 925 : 1000
v> PV : K m**2 kg**-1 s**-1 : Potential vorticity" pl/%year%.nc
l> 1 : 2 : 3 : 5 : 7 : 10 : 20 : 30 : 50 : 70 : 100 : 150 : 200 : 250 : 300 : 400 : 500 : 600 : 700 : 775 : 850 : 925 : 1000
